<?xml version="1.0" encoding="UTF-8"?>
<!-- Generated by org.testng.reporters.JUnitReportReporter -->
<testsuite skipped="0" hostname="DESKTOP-MNQGH03" name="ng.TC1" tests="1" failures="0" timestamp="25 Feb 2021 10:11:24 GMT" time="0.000" errors="0">
  <testcase name="m2" time="0.000" classname="ng.TC1"/>
</testsuite> <!-- ng.TC1 -->
