<?xml version="1.0" encoding="UTF-8"?>
<!-- Generated by org.testng.reporters.JUnitReportReporter -->
<testsuite skipped="0" hostname="DESKTOP-MNQGH03" name="ng.TC3" tests="4" failures="0" timestamp="25 Feb 2021 16:33:44 GMT" time="75.414" errors="0">
  <testcase name="m1" time="18.603" classname="ng.TC3"/>
  <testcase name="m1" time="21.730" classname="ng.TC3"/>
  <testcase name="m1" time="23.208" classname="ng.TC3"/>
  <testcase name="m1" time="11.873" classname="ng.TC3"/>
</testsuite> <!-- ng.TC3 -->
