<?xml version="1.0" encoding="UTF-8"?>
<!-- Generated by org.testng.reporters.JUnitReportReporter -->
<testsuite skipped="0" hostname="DESKTOP-MNQGH03" name="ng.TC2" tests="2" failures="0" timestamp="25 Feb 2021 08:40:45 GMT" time="10.815" errors="0">
  <testcase name="login1" time="5.789" classname="ng.TC2"/>
  <testcase name="login2" time="5.026" classname="ng.TC2"/>
</testsuite> <!-- ng.TC2 -->
